<?xml version="1.0" encoding="UTF-8"?>
<!-- Generated by org.testng.reporters.JUnitReportReporter -->
<testsuite skipped="0" hostname="DESKTOP-UELBI65" name="com.gitpractice.patron.crm.ContactTest" tests="4" failures="0" timestamp="26 Mar 2021 16:54:43 GMT" time="0.028" errors="0">
  <testcase name="savecontacttest" time="0.004" classname="com.gitpractice.patron.crm.ContactTest"/>
  <testcase name="createcontacttest" time="0.012" classname="com.gitpractice.patron.crm.ContactTest"/>
  <testcase name="modifycontacttest" time="0.004" classname="com.gitpractice.patron.crm.ContactTest"/>
  <testcase name="deletecontacttest" time="0.008" classname="com.gitpractice.patron.crm.ContactTest"/>
</testsuite> <!-- com.gitpractice.patron.crm.ContactTest -->
